Assembler report for Monitoring
Thu Dec 15 13:23:43 2016
Quartus Prime Version 15.1.0 Build 185 10/21/2015 SJ Lite Edition


---------------------
; Table of Contents ;
---------------------
  1. Legal Notice
  2. Assembler Summary
  3. Assembler Settings
  4. Assembler Generated Files
  5. Assembler Device Options: C:/Users/Kei Yoshikoshi/Documents/ECE559/Monitoring_VGA_Tester_Everything_Works_restored/output_files/Monitoring.sof
  6. Assembler Messages



----------------
; Legal Notice ;
----------------
Copyright (C) 1991-2015 Altera Corporation. All rights reserved.
Your use of Altera Corporation's design tools, logic functions 
and other software and tools, and its AMPP partner logic 
functions, and any output files from any of the foregoing 
(including device programming or simulation files), and any 
associated documentation or information are expressly subject 
to the terms and conditions of the Altera Program License 
Subscription Agreement, the Altera Quartus Prime License Agreement,
the Altera MegaCore Function License Agreement, or other 
applicable license agreement, including, without limitation, 
that your use is for the sole purpose of programming logic 
devices manufactured by Altera and sold by Altera or its 
authorized distributors.  Please refer to the applicable 
agreement for further details.



+---------------------------------------------------------------+
; Assembler Summary                                             ;
+-----------------------+---------------------------------------+
; Assembler Status      ; Successful - Thu Dec 15 13:23:43 2016 ;
; Revision Name         ; Monitoring                            ;
; Top-level Entity Name ; MonitoringSys                         ;
; Family                ; Cyclone V                             ;
; Device                ; 5CEBA4F23C7                           ;
+-----------------------+---------------------------------------+


+----------------------------------+
; Assembler Settings               ;
+--------+---------+---------------+
; Option ; Setting ; Default Value ;
+--------+---------+---------------+


+----------------------------------------------------------------------------------------------------------------------+
; Assembler Generated Files                                                                                            ;
+----------------------------------------------------------------------------------------------------------------------+
; File Name                                                                                                            ;
+----------------------------------------------------------------------------------------------------------------------+
; C:/Users/Kei Yoshikoshi/Documents/ECE559/Monitoring_VGA_Tester_Everything_Works_restored/output_files/Monitoring.sof ;
+----------------------------------------------------------------------------------------------------------------------+


+------------------------------------------------------------------------------------------------------------------------------------------------+
; Assembler Device Options: C:/Users/Kei Yoshikoshi/Documents/ECE559/Monitoring_VGA_Tester_Everything_Works_restored/output_files/Monitoring.sof ;
+----------------+-------------------------------------------------------------------------------------------------------------------------------+
; Option         ; Setting                                                                                                                       ;
+----------------+-------------------------------------------------------------------------------------------------------------------------------+
; Device         ; 5CEBA4F23C7                                                                                                                   ;
; JTAG usercode  ; 0x02079F45                                                                                                                    ;
; Checksum       ; 0x02079F45                                                                                                                    ;
+----------------+-------------------------------------------------------------------------------------------------------------------------------+


+--------------------+
; Assembler Messages ;
+--------------------+
Info: *******************************************************************
Info: Running Quartus Prime Assembler
    Info: Version 15.1.0 Build 185 10/21/2015 SJ Lite Edition
    Info: Processing started: Thu Dec 15 13:23:30 2016
Info: Command: quartus_asm --read_settings_files=off --write_settings_files=off Monitoring -c Monitoring
Warning (125092): Tcl Script File img_index.qip not found
    Info (125063): set_global_assignment -name QIP_FILE img_index.qip
Info (115030): Assembler is generating device programming files
Info: Quartus Prime Assembler was successful. 0 errors, 1 warning
    Info: Peak virtual memory: 905 megabytes
    Info: Processing ended: Thu Dec 15 13:23:43 2016
    Info: Elapsed time: 00:00:13
    Info: Total CPU time (on all processors): 00:00:09


